<?xml version="1.0" encoding="UTF-8"?>
<testsuite name="ch.xxx.manager.ManagerApplicationTests" tests="1" skipped="0" failures="0" errors="0" timestamp="2022-04-19T15:48:16" hostname="sven-N85-N87-HJ-HJ1-HK1" time="0.147">
  <properties/>
  <testcase name="contextLoads()" classname="ch.xxx.manager.ManagerApplicationTests" time="0.147"/>
  <system-out><![CDATA[17:47:51.078 [Test worker] DEBUG org.springframework.test.context.BootstrapUtils - Instantiating CacheAwareContextLoaderDelegate from class [org.springframework.test.context.cache.DefaultCacheAwareContextLoaderDelegate]
17:47:51.084 [Test worker] DEBUG org.springframework.test.context.BootstrapUtils - Instantiating BootstrapContext using constructor [public org.springframework.test.context.support.DefaultBootstrapContext(java.lang.Class,org.springframework.test.context.CacheAwareContextLoaderDelegate)]
17:47:51.114 [Test worker] DEBUG org.springframework.test.context.BootstrapUtils - Instantiating TestContextBootstrapper for test class [ch.xxx.manager.ManagerApplicationTests] from class [org.springframework.boot.test.context.SpringBootTestContextBootstrapper]
17:47:51.127 [Test worker] DEBUG org.springframework.test.context.support.AbstractContextLoader - Did not detect default resource location for test class [ch.xxx.manager.ManagerApplicationTests]: class path resource [ch/xxx/manager/ManagerApplicationTests-context.xml] does not exist
17:47:51.127 [Test worker] DEBUG org.springframework.test.context.support.AbstractContextLoader - Did not detect default resource location for test class [ch.xxx.manager.ManagerApplicationTests]: class path resource [ch/xxx/manager/ManagerApplicationTestsContext.groovy] does not exist
17:47:51.128 [Test worker] INFO org.springframework.test.context.support.AbstractContextLoader - Could not detect default resource locations for test class [ch.xxx.manager.ManagerApplicationTests]: no resource found for suffixes {-context.xml, Context.groovy}.
17:47:51.167 [Test worker] DEBUG org.springframework.test.context.support.ActiveProfilesUtils - Could not find an 'annotation declaring class' for annotation type [org.springframework.test.context.ActiveProfiles] and class [ch.xxx.manager.ManagerApplicationTests]
17:47:51.243 [Test worker] DEBUG org.springframework.boot.test.context.SpringBootTestContextBootstrapper - @TestExecutionListeners is not present for class [ch.xxx.manager.ManagerApplicationTests]: using defaults.
17:47:51.243 [Test worker] INFO org.springframework.boot.test.context.SpringBootTestContextBootstrapper - Loaded default TestExecutionListener class names from location [META-INF/spring.factories]: [org.springframework.security.test.context.support.WithSecurityContextTestExecutionListener, org.springframework.security.test.context.support.ReactorContextTestExecutionListener, org.springframework.boot.test.autoconfigure.restdocs.RestDocsTestExecutionListener, org.springframework.boot.test.autoconfigure.web.client.MockRestServiceServerResetTestExecutionListener, org.springframework.boot.test.autoconfigure.web.servlet.MockMvcPrintOnlyOnFailureTestExecutionListener, org.springframework.boot.test.autoconfigure.web.servlet.WebDriverTestExecutionListener, org.springframework.boot.test.autoconfigure.webservices.client.MockWebServiceServerTestExecutionListener, org.springframework.boot.test.mock.mockito.MockitoTestExecutionListener, org.springframework.boot.test.mock.mockito.ResetMocksTestExecutionListener, org.springframework.test.context.web.ServletTestExecutionListener, org.springframework.test.context.support.DirtiesContextBeforeModesTestExecutionListener, org.springframework.test.context.event.ApplicationEventsTestExecutionListener, org.springframework.test.context.support.DependencyInjectionTestExecutionListener, org.springframework.test.context.support.DirtiesContextTestExecutionListener, org.springframework.test.context.transaction.TransactionalTestExecutionListener, org.springframework.test.context.jdbc.SqlScriptsTestExecutionListener, org.springframework.test.context.event.EventPublishingTestExecutionListener]
17:47:51.259 [Test worker] INFO org.springframework.boot.test.context.SpringBootTestContextBootstrapper - Using TestExecutionListeners: [org.springframework.test.context.web.ServletTestExecutionListener@5451d7a0, org.springframework.test.context.support.DirtiesContextBeforeModesTestExecutionListener@1ccacb0c, org.springframework.test.context.event.ApplicationEventsTestExecutionListener@729c251b, org.springframework.boot.test.mock.mockito.MockitoTestExecutionListener@763a602, org.springframework.boot.test.autoconfigure.SpringBootDependencyInjectionTestExecutionListener@5d558d99, org.springframework.test.context.support.DirtiesContextTestExecutionListener@170dbf94, org.springframework.test.context.transaction.TransactionalTestExecutionListener@4aae493, org.springframework.test.context.jdbc.SqlScriptsTestExecutionListener@1e6311b2, org.springframework.security.test.context.support.WithSecurityContextTestExecutionListener@6fab6ea2, org.springframework.test.context.event.EventPublishingTestExecutionListener@15a09ddc, org.springframework.security.test.context.support.ReactorContextTestExecutionListener@46fd6d87, org.springframework.boot.test.autoconfigure.restdocs.RestDocsTestExecutionListener@40151a6b, org.springframework.boot.test.autoconfigure.web.client.MockRestServiceServerResetTestExecutionListener@747fa2b5, org.springframework.boot.test.autoconfigure.web.servlet.MockMvcPrintOnlyOnFailureTestExecutionListener@65209f9b, org.springframework.boot.test.autoconfigure.web.servlet.WebDriverTestExecutionListener@489c57ed, org.springframework.boot.test.autoconfigure.webservices.client.MockWebServiceServerTestExecutionListener@2032dad7, org.springframework.boot.test.mock.mockito.ResetMocksTestExecutionListener@29d1be6e]
17:47:51.263 [Test worker] DEBUG org.springframework.test.context.support.AbstractDirtiesContextTestExecutionListener - Before test class: context [DefaultTestContext@424a32fe testClass = ManagerApplicationTests, testInstance = [null], testMethod = [null], testException = [null], mergedContextConfiguration = [WebMergedContextConfiguration@5b478eab testClass = ManagerApplicationTests, locations = '{}', classes = '{class ch.xxx.manager.adapter.config.ApplicationConfig}', contextInitializerClasses = '[]', activeProfiles = '{}', propertySourceLocations = '{}', propertySourceProperties = '{org.springframework.boot.test.context.SpringBootTestContextBootstrapper=true, server.port=0}', contextCustomizers = set[org.springframework.boot.test.autoconfigure.actuate.metrics.MetricsExportContextCustomizerFactory$DisableMetricExportContextCustomizer@2622efb0, org.springframework.boot.test.autoconfigure.properties.PropertyMappingContextCustomizer@0, org.springframework.boot.test.autoconfigure.web.servlet.WebDriverContextCustomizerFactory$Customizer@75897392, [ImportsContextCustomizer@790494f9 key = [@org.springframework.boot.test.context.SpringBootTest(args={}, webEnvironment=RANDOM_PORT, value={}, properties={}, classes={}), @org.springframework.context.annotation.Import({org.springframework.boot.autoconfigure.AutoConfigurationPackages$Registrar.class}), @org.springframework.boot.autoconfigure.EnableAutoConfiguration(exclude={}, excludeName={}), @org.springframework.test.context.BootstrapWith(org.springframework.boot.test.context.SpringBootTestContextBootstrapper.class), @org.springframework.context.annotation.Import({org.springframework.boot.autoconfigure.AutoConfigurationImportSelector.class}), @org.springframework.boot.autoconfigure.AutoConfigurationPackage(basePackages={}, basePackageClasses={}), @org.springframework.test.context.ContextConfiguration(inheritInitializers=true, loader=org.springframework.test.context.ContextLoader.class, initializers={}, classes={ch.xxx.manager.adapter.config.ApplicationConfig.class}, name="", locations={}, value={}, inheritLocations=true)]], org.springframework.boot.test.context.filter.ExcludeFilterContextCustomizer@3140ee29, org.springframework.boot.test.json.DuplicateJsonObjectContextCustomizerFactory$DuplicateJsonObjectContextCustomizer@7b7039ac, org.springframework.boot.test.mock.mockito.MockitoContextCustomizer@0, org.springframework.boot.test.web.client.TestRestTemplateContextCustomizer@fb089f4, org.springframework.boot.test.web.reactive.server.WebTestClientContextCustomizer@656096e1, org.springframework.boot.test.context.SpringBootTestArgs@1, org.springframework.boot.test.context.SpringBootTestWebEnvironment@6aa3a905], resourceBasePath = 'src/main/webapp', contextLoader = 'org.springframework.boot.test.context.SpringBootContextLoader', parent = [null]], attributes = map['org.springframework.test.context.web.ServletTestExecutionListener.activateListener' -> false]], class annotated with @DirtiesContext [false] with mode [null].
17:47:51.275 [Test worker] DEBUG org.springframework.test.context.support.DependencyInjectionTestExecutionListener - Performing dependency injection for test context [[DefaultTestContext@424a32fe testClass = ManagerApplicationTests, testInstance = ch.xxx.manager.ManagerApplicationTests@332464fe, testMethod = [null], testException = [null], mergedContextConfiguration = [WebMergedContextConfiguration@5b478eab testClass = ManagerApplicationTests, locations = '{}', classes = '{class ch.xxx.manager.adapter.config.ApplicationConfig}', contextInitializerClasses = '[]', activeProfiles = '{}', propertySourceLocations = '{}', propertySourceProperties = '{org.springframework.boot.test.context.SpringBootTestContextBootstrapper=true, server.port=0}', contextCustomizers = set[org.springframework.boot.test.autoconfigure.actuate.metrics.MetricsExportContextCustomizerFactory$DisableMetricExportContextCustomizer@2622efb0, org.springframework.boot.test.autoconfigure.properties.PropertyMappingContextCustomizer@0, org.springframework.boot.test.autoconfigure.web.servlet.WebDriverContextCustomizerFactory$Customizer@75897392, [ImportsContextCustomizer@790494f9 key = [@org.springframework.boot.test.context.SpringBootTest(args={}, webEnvironment=RANDOM_PORT, value={}, properties={}, classes={}), @org.springframework.context.annotation.Import({org.springframework.boot.autoconfigure.AutoConfigurationPackages$Registrar.class}), @org.springframework.boot.autoconfigure.EnableAutoConfiguration(exclude={}, excludeName={}), @org.springframework.test.context.BootstrapWith(org.springframework.boot.test.context.SpringBootTestContextBootstrapper.class), @org.springframework.context.annotation.Import({org.springframework.boot.autoconfigure.AutoConfigurationImportSelector.class}), @org.springframework.boot.autoconfigure.AutoConfigurationPackage(basePackages={}, basePackageClasses={}), @org.springframework.test.context.ContextConfiguration(inheritInitializers=true, loader=org.springframework.test.context.ContextLoader.class, initializers={}, classes={ch.xxx.manager.adapter.config.ApplicationConfig.class}, name="", locations={}, value={}, inheritLocations=true)]], org.springframework.boot.test.context.filter.ExcludeFilterContextCustomizer@3140ee29, org.springframework.boot.test.json.DuplicateJsonObjectContextCustomizerFactory$DuplicateJsonObjectContextCustomizer@7b7039ac, org.springframework.boot.test.mock.mockito.MockitoContextCustomizer@0, org.springframework.boot.test.web.client.TestRestTemplateContextCustomizer@fb089f4, org.springframework.boot.test.web.reactive.server.WebTestClientContextCustomizer@656096e1, org.springframework.boot.test.context.SpringBootTestArgs@1, org.springframework.boot.test.context.SpringBootTestWebEnvironment@6aa3a905], resourceBasePath = 'src/main/webapp', contextLoader = 'org.springframework.boot.test.context.SpringBootContextLoader', parent = [null]], attributes = map['org.springframework.test.context.web.ServletTestExecutionListener.activateListener' -> false, 'org.springframework.test.context.event.ApplicationEventsTestExecutionListener.recordApplicationEvents' -> false]]].
17:47:51.997 [Test worker] DEBUG org.springframework.boot.ApplicationServletEnvironment - Activating profiles []
17:47:51.998 [Test worker] DEBUG org.springframework.test.context.support.TestPropertySourceUtils - Adding inlined properties to environment: {spring.jmx.enabled=false, org.springframework.boot.test.context.SpringBootTestContextBootstrapper=true, server.port=0}

  .   ____          _            __ _ _
 /\\ / ___'_ __ _ _(_)_ __  __ _ \ \ \ \
( ( )\___ | '_ | '_| | '_ \/ _` | \ \ \ \
 \\/  ___)| |_)| | | | | || (_| |  ) ) ) )
  '  |____| .__|_| |_|_| |_\__, | / / / /
 =========|_|==============|___/=/_/_/_/
 :: Spring Boot ::                (v2.6.1)

2022-04-19 17:47:52.329  INFO 23410 --- [    Test worker] ch.xxx.manager.ManagerApplicationTests   : Starting ManagerApplicationTests using Java 17.0.2 on sven-N85-N87-HJ-HJ1-HK1 with PID 23410 (started by sven in /home/sven/git/AngularPortfolioMgr/backend)
2022-04-19 17:47:52.330  INFO 23410 --- [    Test worker] ch.xxx.manager.ManagerApplicationTests   : No active profile set, falling back to default profiles: default
2022-04-19 17:47:53.204  INFO 23410 --- [    Test worker] .s.d.r.c.RepositoryConfigurationDelegate : Bootstrapping Spring Data JPA repositories in DEFAULT mode.
2022-04-19 17:47:53.401  INFO 23410 --- [    Test worker] .s.d.r.c.RepositoryConfigurationDelegate : Finished Spring Data repository scanning in 191 ms. Found 8 JPA repository interfaces.
2022-04-19 17:47:54.251  INFO 23410 --- [    Test worker] o.s.b.w.embedded.tomcat.TomcatWebServer  : Tomcat initialized with port(s): 0 (http)
2022-04-19 17:47:54.260  INFO 23410 --- [    Test worker] o.apache.catalina.core.StandardService   : Starting service [Tomcat]
2022-04-19 17:47:54.261  INFO 23410 --- [    Test worker] org.apache.catalina.core.StandardEngine  : Starting Servlet engine: [Apache Tomcat/9.0.55]
2022-04-19 17:47:54.331  INFO 23410 --- [    Test worker] o.a.c.c.C.[Tomcat].[localhost].[/]       : Initializing Spring embedded WebApplicationContext
2022-04-19 17:47:54.331  INFO 23410 --- [    Test worker] w.s.c.ServletWebServerApplicationContext : Root WebApplicationContext: initialization completed in 1984 ms
2022-04-19 17:47:54.554  INFO 23410 --- [    Test worker] com.zaxxer.hikari.HikariDataSource       : HikariPool-1 - Starting...
2022-04-19 17:47:54.691  INFO 23410 --- [    Test worker] com.zaxxer.hikari.HikariDataSource       : HikariPool-1 - Start completed.
2022-04-19 17:47:54.702  INFO 23410 --- [    Test worker] o.s.b.a.h2.H2ConsoleAutoConfiguration    : H2 console available at '/h2-console'. Database available at 'jdbc:h2:mem:testdb'
2022-04-19 17:47:55.085  INFO 23410 --- [    Test worker] liquibase.database                       : Set default schema name to PUBLIC
2022-04-19 17:48:10.234  INFO 23410 --- [    Test worker] liquibase.lockservice                    : Successfully acquired change log lock
2022-04-19 17:48:11.507  INFO 23410 --- [    Test worker] liquibase.changelog                      : Creating database history table with name: PUBLIC.DATABASECHANGELOG
2022-04-19 17:48:11.510  INFO 23410 --- [    Test worker] liquibase.changelog                      : Reading from PUBLIC.DATABASECHANGELOG
2022-04-19 17:48:11.704  INFO 23410 --- [    Test worker] liquibase.changelog                      : Sequence hibernate_sequence created
2022-04-19 17:48:11.710  INFO 23410 --- [    Test worker] liquibase.changelog                      : Table app_user created
2022-04-19 17:48:11.712  INFO 23410 --- [    Test worker] liquibase.changelog                      : Table symbol created
2022-04-19 17:48:11.715  INFO 23410 --- [    Test worker] liquibase.changelog                      : Table currency created
2022-04-19 17:48:11.721  INFO 23410 --- [    Test worker] liquibase.changelog                      : Table daily_quote created
2022-04-19 17:48:11.725  INFO 23410 --- [    Test worker] liquibase.changelog                      : Table intra_day_quote created
2022-04-19 17:48:11.729  INFO 23410 --- [    Test worker] liquibase.changelog                      : Table portfolio created
2022-04-19 17:48:11.734  INFO 23410 --- [    Test worker] liquibase.changelog                      : Table portfolio_to_symbol created
2022-04-19 17:48:11.734  INFO 23410 --- [    Test worker] liquibase.changelog                      : ChangeSet db/changelog/changes/db.changelog-1.xml::1::angular2guy ran successfully in 33ms
2022-04-19 17:48:11.750  INFO 23410 --- [    Test worker] liquibase.changelog                      : Table shedlock created
2022-04-19 17:48:11.751  INFO 23410 --- [    Test worker] liquibase.changelog                      : ChangeSet db/changelog/changes/db.changelog-2.xml::2::angular2guy ran successfully in 3ms
2022-04-19 17:48:11.795  INFO 23410 --- [    Test worker] liquibase.changelog                      : Index ix_user_name_username created
2022-04-19 17:48:11.795  INFO 23410 --- [    Test worker] liquibase.changelog                      : ChangeSet db/changelog/changes/db.changelog-3.xml::3::angular2guy ran successfully in 42ms
2022-04-19 17:48:11.807  INFO 23410 --- [    Test worker] liquibase.changelog                      : Columns last_logout(datetime) added to app_user
2022-04-19 17:48:11.807  INFO 23410 --- [    Test worker] liquibase.changelog                      : ChangeSet db/changelog/changes/db.changelog-3.xml::4::angular2guy ran successfully in 10ms
2022-04-19 17:48:11.835  INFO 23410 --- [    Test worker] liquibase.changelog                      : Index ix_app_user_enabled_locked_last_logout created
2022-04-19 17:48:11.835  INFO 23410 --- [    Test worker] liquibase.changelog                      : ChangeSet db/changelog/changes/db.changelog-3.xml::5::angular2guy ran successfully in 26ms
2022-04-19 17:48:11.844  INFO 23410 --- [    Test worker] liquibase.changelog                      : Index ix_app_user_enabled_locked_last_logout dropped from table app_user
2022-04-19 17:48:11.844  INFO 23410 --- [    Test worker] liquibase.changelog                      : ChangeSet db/changelog/changes/db.changelog-4.xml::6::angular2guy ran successfully in 7ms
2022-04-19 17:48:11.852  INFO 23410 --- [    Test worker] liquibase.changelog                      : Column app_user.last_logout dropped
2022-04-19 17:48:11.852  INFO 23410 --- [    Test worker] liquibase.changelog                      : ChangeSet db/changelog/changes/db.changelog-4.xml::7::angular2guy ran successfully in 6ms
2022-04-19 17:48:11.856  INFO 23410 --- [    Test worker] liquibase.changelog                      : Table revoked_token created
2022-04-19 17:48:11.856  INFO 23410 --- [    Test worker] liquibase.changelog                      : ChangeSet db/changelog/changes/db.changelog-4.xml::8::angular2guy ran successfully in 2ms
2022-04-19 17:48:11.891  INFO 23410 --- [    Test worker] liquibase.changelog                      : Data loaded from 'data/app_user.csv' into table 'app_user'
2022-04-19 17:48:11.892  INFO 23410 --- [    Test worker] liquibase.changelog                      : ChangeSet db/changelog/db.changelog-loaddata.xml::init-data::angular2guy ran successfully in 33ms
2022-04-19 17:48:11.895  INFO 23410 --- [    Test worker] liquibase.lockservice                    : Successfully released change log lock
2022-04-19 17:48:11.997  INFO 23410 --- [    Test worker] o.hibernate.jpa.internal.util.LogHelper  : HHH000204: Processing PersistenceUnitInfo [name: default]
2022-04-19 17:48:12.034  INFO 23410 --- [    Test worker] org.hibernate.Version                    : HHH000412: Hibernate ORM core version 5.6.1.Final
2022-04-19 17:48:12.150  INFO 23410 --- [    Test worker] o.hibernate.annotations.common.Version   : HCANN000001: Hibernate Commons Annotations {5.1.2.Final}
2022-04-19 17:48:12.221  INFO 23410 --- [    Test worker] org.hibernate.dialect.Dialect            : HHH000400: Using dialect: org.hibernate.dialect.H2Dialect
2022-04-19 17:48:12.820  INFO 23410 --- [    Test worker] o.h.e.t.j.p.i.JtaPlatformInitiator       : HHH000490: Using JtaPlatform implementation: [org.hibernate.engine.transaction.jta.platform.internal.NoJtaPlatform]
2022-04-19 17:48:12.829  INFO 23410 --- [    Test worker] j.LocalContainerEntityManagerFactoryBean : Initialized JPA EntityManagerFactory for persistence unit 'default'
2022-04-19 17:48:13.092  WARN 23410 --- [    Test worker] JpaBaseConfiguration$JpaWebConfiguration : spring.jpa.open-in-view is enabled by default. Therefore, database queries may be performed during view rendering. Explicitly configure spring.jpa.open-in-view to disable this warning
2022-04-19 17:48:13.369  INFO 23410 --- [    Test worker] o.s.b.a.w.s.WelcomePageHandlerMapping    : Adding welcome page: class path resource [static/index.html]
2022-04-19 17:48:14.631  INFO 23410 --- [    Test worker] o.s.b.a.e.web.EndpointLinksResolver      : Exposing 3 endpoint(s) beneath base path '/actuator'
2022-04-19 17:48:14.799  INFO 23410 --- [    Test worker] .s.s.UserDetailsServiceAutoConfiguration : 

Using generated security password: ec7ebc9f-a288-4052-ada0-bbc2e82c462f

2022-04-19 17:48:14.948  INFO 23410 --- [    Test worker] o.s.s.web.DefaultSecurityFilterChain     : Will secure any request with [org.springframework.security.web.context.request.async.WebAsyncManagerIntegrationFilter@47d91a2d, org.springframework.security.web.context.SecurityContextPersistenceFilter@6dd98847, org.springframework.security.web.header.HeaderWriterFilter@28e20e0b, org.springframework.web.filter.CorsFilter@227a0c5a, org.springframework.security.web.csrf.CsrfFilter@6b874125, org.springframework.security.web.authentication.logout.LogoutFilter@2a43fb15, org.springframework.security.web.authentication.UsernamePasswordAuthenticationFilter@13d9360f, org.springframework.security.web.authentication.ui.DefaultLoginPageGeneratingFilter@75b8a37e, org.springframework.security.web.authentication.ui.DefaultLogoutPageGeneratingFilter@11a44b24, org.springframework.security.web.authentication.www.BasicAuthenticationFilter@5dddd61f, org.springframework.security.web.savedrequest.RequestCacheAwareFilter@2334aa2, org.springframework.security.web.servletapi.SecurityContextHolderAwareRequestFilter@23897113, org.springframework.security.web.authentication.AnonymousAuthenticationFilter@147ee167, org.springframework.security.web.session.SessionManagementFilter@6fcc1dd2, org.springframework.security.web.access.ExceptionTranslationFilter@7655d3c8, org.springframework.security.web.access.intercept.FilterSecurityInterceptor@666b882e]
2022-04-19 17:48:15.706  INFO 23410 --- [    Test worker] o.s.b.w.embedded.tomcat.TomcatWebServer  : Tomcat started on port(s): 38853 (http) with context path ''
2022-04-19 17:48:15.722  INFO 23410 --- [    Test worker] ch.xxx.manager.ManagerApplicationTests   : Started ManagerApplicationTests in 23.722 seconds (JVM running for 28.426)
]]></system-out>
  <system-err><![CDATA[]]></system-err>
</testsuite>
